c:\pp\c\jogo_v14_pedro_prog\jogo\x64\debug\vc143.pdb
c:\pp\c\jogo_v14_pedro_prog\jogo\x64\debug\vc143.idb
c:\pp\c\jogo_v14_pedro_prog\jogo\x64\debug\menu.obj
c:\pp\c\jogo_v14_pedro_prog\jogo\x64\debug\main.obj
c:\pp\c\jogo_v14_pedro_prog\jogo\x64\debug\principal.obj
c:\pp\c\jogo_v14_pedro_prog\jogo\x64\debug\obstaculos.obj
c:\pp\c\jogo_v14_pedro_prog\jogo\x64\debug\fases.obj
c:\pp\c\jogo_v14_pedro_prog\jogo\x64\debug\ente.obj
c:\pp\c\jogo_v14_pedro_prog\jogo\x64\debug\personagens.obj
c:\pp\c\jogo_v14_pedro_prog\jogo\x64\debug\gerenciadores.obj
c:\pp\c\jogo_v14_pedro_prog\jogo\x64\debug\entidades.obj
c:\pp\c\jogo_v14_pedro_prog\x64\debug\jogo.exe
c:\pp\c\jogo_v14_pedro_prog\x64\debug\jogo.pdb
c:\pp\c\jogo_v14_pedro_prog\jogo\x64\debug\jogo.ilk
c:\pp\c\jogo_v14_pedro_prog\jogo\x64\debug\jogo.tlog\cl.command.1.tlog
c:\pp\c\jogo_v14_pedro_prog\jogo\x64\debug\jogo.tlog\cl.items.tlog
c:\pp\c\jogo_v14_pedro_prog\jogo\x64\debug\jogo.tlog\cl.read.1.tlog
c:\pp\c\jogo_v14_pedro_prog\jogo\x64\debug\jogo.tlog\cl.write.1.tlog
c:\pp\c\jogo_v14_pedro_prog\jogo\x64\debug\jogo.tlog\link.command.1.tlog
c:\pp\c\jogo_v14_pedro_prog\jogo\x64\debug\jogo.tlog\link.read.1.tlog
c:\pp\c\jogo_v14_pedro_prog\jogo\x64\debug\jogo.tlog\link.secondary.1.tlog
c:\pp\c\jogo_v14_pedro_prog\jogo\x64\debug\jogo.tlog\link.write.1.tlog
